Cycle 1
Set 1
Go!
I Drills
Rest!
Set 2
Go!
Lunges Left
Rest!
Set 3
Go!
W Drills
Rest!
Set 4
Go!
Lunges Right
Rest!
Set 5
Go!
X Drills
Rest!
Set 6
Go!
Side Lunges Left
Rest!
Set 7
Go!
L Drills
Rest!
Set 8
Go!
Side Lunges Right
Rest!
Big Rest!
Cycle 2
Set 1
Go!
I Drills
Rest!
Set 2
Go!
Hop Squats
Rest!
Set 3
Go!
W Drills
Rest!
Set 4
Go!
Reverse Lunges Left
Rest!
Set 5
Go!
X Drills
Rest!
Set 6
Go!
Reverse Lunges Right
Rest!
Set 7
Go!
L Drills
Rest!
Set 8
Go!
Squats
Rest!
Big Rest!
Cycle 3
Set 1
Go!
I Drills
Rest!
Set 2
Go!
Lunges Left
Rest!
Set 3
Go!
W Drills
Rest!
Set 4
Go!
Lunges Right
Rest!
Set 5
Go!
X Drills
Rest!
Set 6
Go!
Side Lunges Left
Rest!
Set 7
Go!
L Drills
Rest!
Set 8
Go!
Side Lunges Right
Rest!
Big Rest!
