Cycle 1
Set 1
Go!
High-mid Rows
Rest!
Set 2
Go!
Side Lunges Left
Rest!
Set 3
Go!
Bicep Curls
Rest!
Set 4
Go!
Side Lunges Right
Rest!
Set 5
Go!
High Rows
Rest!
Set 6
Go!
Hop Squats
Rest!
Set 7
Go!
Mid Rows
Rest!
Set 8
Go!
Reverse Lunges Left
Rest!
Big Rest!
Cycle 2
Set 1
Go!
Low Rows
Rest!
Set 2
Go!
Reverse Lunges Right
Rest!
Set 3
Go!
High-mid Rows
Rest!
Set 4
Go!
Squats
Rest!
Set 5
Go!
Bicep Curls
Rest!
Set 6
Go!
Side Lunges Left
Rest!
Set 7
Go!
High Rows
Rest!
Set 8
Go!
Side Lunges Right
Rest!
Big Rest!
Cycle 3
Set 1
Go!
Mid Rows
Rest!
Set 2
Go!
Hop Squats
Rest!
Set 3
Go!
Low Rows
Rest!
Set 4
Go!
Reverse Lunges Left
Rest!
Set 5
Go!
High-mid Rows
Rest!
Set 6
Go!
Reverse Lunges Right
Rest!
Set 7
Go!
Bicep Curls
Rest!
Set 8
Go!
Squats
Rest!
Big Rest!
