Cycle 1
Set 1
Go!
Push Flies
Rest!
Cycle 1
Set 1
Go!
Standing Press
Rest!
Set 2
Go!
Reverse Lunges Left
Rest!
Set 3
Go!
Flat Press
Rest!
Set 4
Go!
Reverse Lunges Right
Rest!
Set 5
Go!
Flat Press
Rest!
Set 6
Go!
Reverse Lunges Left
Rest!
Set 7
Go!
Push Flies
Rest!
Set 8
Go!
Reverse Lunges Right
Rest!
Big Rest!
Cycle 2
Set 1
Go!
Push Flies
Rest!
Set 2
Go!
Squats
Rest!
Set 3
Go!
Atomic Crunch Press
Rest!
Set 4
Go!
Reverse Lunges Left
Rest!
Set 5
Go!
Push Flies
Rest!
Set 6
Go!
Reverse Lunges Right
Rest!
Set 7
Go!
Flat Press
Rest!
Set 8
Go!
Side Lunges Left
Rest!
Big Rest!
Cycle 3
Set 1
Go!
Push Flies
Rest!
Set 2
Go!
Side Lunges Right
Rest!
Set 3
Go!
Incline Press
Rest!
Set 4
Go!
Side Lunges Left
Rest!
Set 5
Go!
Incline Press
Rest!
Set 6
Go!
Side Lunges Right
Rest!
Set 7
Go!
Standing Press
Rest!
Set 8
Go!
Squats
Rest!
Big Rest!
